This file contains any messages produced by compilers while
running configure, to aid debugging if configure makes a mistake.

It was created by PARC Assembly Test Programs configure ?, which was
generated by GNU Autoconf 2.69.  Invocation command line was

  $ ../configure --host=maven

## --------- ##
## Platform. ##
## --------- ##

hostname = Alexs-MacBook-Pro-2.local
uname -m = arm64
uname -r = 20.6.0
uname -s = Darwin
uname -v = Darwin Kernel Version 20.6.0: Mon Aug 30 06:12:20 PDT 2021; root:xnu-7195.141.6~3/RELEASE_ARM64_T8101

/usr/bin/uname -p = arm
/bin/uname -X     = unknown

/bin/arch              = unknown
/usr/bin/arch -k       = unknown
/usr/convex/getsysinfo = unknown
/usr/bin/hostinfo      = Mach kernel version:
	 Darwin Kernel Version 20.6.0: Mon Aug 30 06:12:20 PDT 2021; root:xnu-7195.141.6~3/RELEASE_ARM64_T8101
Kernel configured for up to 8 processors.
8 processors are physically available.
8 processors are logically available.
Processor type: arm64e (ARM64E)
Processors active: 0 1 2 3 4 5 6 7
Primary memory available: 8.00 gigabytes
Default processor set: 398 tasks, 2602 threads, 8 processors
Load average: 9.65, Mach factor: 4.51
/bin/machine           = unknown
/usr/bin/oslevel       = unknown
/bin/universe          = unknown

PATH: /usr/bin/
PATH: /Users/whyalex/Desktop/Spring_2023/CPSC520/cs505-lab2/toolchain/local/bin
PATH: /Users/whyalex/Desktop/Spring_2023/CPSC520/cs505-lab2/toolchain/local/encap/maven-sys-xcc/bin
PATH: /usr/bin/
PATH: /Users/whyalex/Desktop/Spring_2023/CPSC520/cs505-lab2/local/bin
PATH: /Users/whyalex/Desktop/Spring_2023/CPSC520/cs505-lab2/local/encap/maven-sys-xcc/bin
PATH: /opt/homebrew/Caskroom/miniconda/base/bin
PATH: /Users/whyalex/perl5/bin
PATH: /opt/homebrew/bin
PATH: /Library/Frameworks/Python.framework/Versions/3.10/bin
PATH: /usr/local/bin
PATH: /usr/bin
PATH: /bin
PATH: /usr/sbin
PATH: /sbin
PATH: /Library/Apple/usr/bin
PATH: /opt/homebrew/Caskroom/miniconda/base/bin
PATH: /Users/whyalex/perl5/bin
PATH: /opt/homebrew/bin
PATH: /Library/Frameworks/Python.framework/Versions/3.10/bin


## ----------- ##
## Core tests. ##
## ----------- ##

configure:1809: checking build system type
configure:1823: result: arm-apple-darwin20.6.0
configure:1843: checking host system type
configure:1856: result: mipsmavenel-ucb-elf
configure:1890: checking for maven-gcc
configure:1906: found /Users/whyalex/Desktop/Spring_2023/CPSC520/cs505-lab2/toolchain/local/encap/maven-sys-xcc/bin/maven-gcc
configure:1917: result: maven-gcc
configure:2186: checking for C compiler version
configure:2195: maven-gcc --version >&5
../configure: line 2197: /Users/whyalex/Desktop/Spring_2023/CPSC520/cs505-lab2/toolchain/local/encap/maven-sys-xcc/bin/maven-gcc: cannot execute binary file
configure:2206: $? = 126
configure:2195: maven-gcc -v >&5
../configure: line 2197: /Users/whyalex/Desktop/Spring_2023/CPSC520/cs505-lab2/toolchain/local/encap/maven-sys-xcc/bin/maven-gcc: cannot execute binary file
configure:2206: $? = 126
configure:2195: maven-gcc -V >&5
../configure: line 2197: /Users/whyalex/Desktop/Spring_2023/CPSC520/cs505-lab2/toolchain/local/encap/maven-sys-xcc/bin/maven-gcc: cannot execute binary file
configure:2206: $? = 126
configure:2195: maven-gcc -qversion >&5
../configure: line 2197: /Users/whyalex/Desktop/Spring_2023/CPSC520/cs505-lab2/toolchain/local/encap/maven-sys-xcc/bin/maven-gcc: cannot execute binary file
configure:2206: $? = 126
configure:2226: checking whether the C compiler works
configure:2248: maven-gcc    conftest.c  >&5
../configure: line 2250: /Users/whyalex/Desktop/Spring_2023/CPSC520/cs505-lab2/toolchain/local/encap/maven-sys-xcc/bin/maven-gcc: cannot execute binary file
configure:2252: $? = 126
configure:2290: result: no
configure: failed program was:
| /* confdefs.h */
| #define PACKAGE_NAME "PARC Assembly Test Programs"
| #define PACKAGE_TARNAME "parc-test"
| #define PACKAGE_VERSION "?"
| #define PACKAGE_STRING "PARC Assembly Test Programs ?"
| #define PACKAGE_BUGREPORT "Ji Kim"
| #define PACKAGE_URL ""
| /* end confdefs.h.  */
| 
| int
| main ()
| {
| 
|   ;
|   return 0;
| }
configure:2295: error: in `/Users/whyalex/Desktop/Spring_2023/CPSC520/cs505-lab2/tests/build':
configure:2297: error: C compiler cannot create executables
See `config.log' for more details

## ---------------- ##
## Cache variables. ##
## ---------------- ##

ac_cv_build=arm-apple-darwin20.6.0
ac_cv_env_CC_set=
ac_cv_env_CC_value=
ac_cv_env_CFLAGS_set=
ac_cv_env_CFLAGS_value=
ac_cv_env_CPPFLAGS_set=
ac_cv_env_CPPFLAGS_value=
ac_cv_env_LDFLAGS_set=
ac_cv_env_LDFLAGS_value=
ac_cv_env_LIBS_set=
ac_cv_env_LIBS_value=
ac_cv_env_STOW_PREFIX_set=
ac_cv_env_STOW_PREFIX_value=
ac_cv_env_STOW_ROOT_set=
ac_cv_env_STOW_ROOT_value=
ac_cv_env_build_alias_set=
ac_cv_env_build_alias_value=
ac_cv_env_host_alias_set=set
ac_cv_env_host_alias_value=maven
ac_cv_env_target_alias_set=
ac_cv_env_target_alias_value=
ac_cv_host=mipsmavenel-ucb-elf
ac_cv_prog_CC=maven-gcc

## ----------------- ##
## Output variables. ##
## ----------------- ##

CC='maven-gcc'
CFLAGS=''
CPPFLAGS=''
DEFS=''
ECHO_C='\c'
ECHO_N=''
ECHO_T=''
EXEEXT=''
INSTALL_DATA=''
INSTALL_PROGRAM=''
INSTALL_SCRIPT=''
LDFLAGS=''
LIBOBJS=''
LIBS=''
LTLIBOBJS=''
OBJEXT=''
PACKAGE_BUGREPORT='Ji Kim'
PACKAGE_NAME='PARC Assembly Test Programs'
PACKAGE_STRING='PARC Assembly Test Programs ?'
PACKAGE_TARNAME='parc-test'
PACKAGE_URL=''
PACKAGE_VERSION='?'
PATH_SEPARATOR=':'
RUN=''
RUNFLAGS=''
SHELL='/bin/sh'
STOW_PREFIX=''
STOW_ROOT=''
ac_ct_CC=''
ac_ct_RUN=''
bindir='${exec_prefix}/bin'
build='arm-apple-darwin20.6.0'
build_alias=''
build_cpu='arm'
build_os='darwin20.6.0'
build_vendor='apple'
datadir='${datarootdir}'
datarootdir='${prefix}/share'
docdir='${datarootdir}/doc/${PACKAGE_TARNAME}'
dvidir='${docdir}'
enable_stow=''
exec_prefix='NONE'
host='mipsmavenel-ucb-elf'
host_alias='maven'
host_cpu='mipsmavenel'
host_os='elf'
host_vendor='ucb'
htmldir='${docdir}'
includedir='${prefix}/include'
infodir='${datarootdir}/info'
libdir='${exec_prefix}/lib'
libexecdir='${exec_prefix}/libexec'
localedir='${datarootdir}/locale'
localstatedir='${prefix}/var'
mandir='${datarootdir}/man'
oldincludedir='/usr/include'
pdfdir='${docdir}'
prefix='NONE'
program_transform_name='s,x,x,'
psdir='${docdir}'
runstatedir='${localstatedir}/run'
sbindir='${exec_prefix}/sbin'
sharedstatedir='${prefix}/com'
stow=''
sysconfdir='${prefix}/etc'
target_alias=''
tmod_include=''

## ----------- ##
## confdefs.h. ##
## ----------- ##

/* confdefs.h */
#define PACKAGE_NAME "PARC Assembly Test Programs"
#define PACKAGE_TARNAME "parc-test"
#define PACKAGE_VERSION "?"
#define PACKAGE_STRING "PARC Assembly Test Programs ?"
#define PACKAGE_BUGREPORT "Ji Kim"
#define PACKAGE_URL ""

configure: exit 77
